2012/12/26 16:42:52 [error] [exception.CHttpException.404] exception 'CHttpException' with message 'Unable to resolve the request "giix".' in C:\wamp\www\yii\framework\web\CWebApplication.php:287
Stack trace:
#0 C:\wamp\www\yii\framework\web\CWebApplication.php(142): CWebApplication->runController('giix')
#1 C:\wamp\www\yii\framework\base\CApplication.php(162): CWebApplication->processRequest()
#2 C:\wamp\www\xterna\index.php(13): CApplication->run()
#3 {main}
REQUEST_URI=/xterna/index.php?r=giix
---
2012/12/26 16:51:02 [error] [exception.CHttpException.404] exception 'CHttpException' with message 'The system is unable to find the requested action "gii".' in C:\wamp\www\yii\framework\web\CController.php:484
Stack trace:
#0 C:\wamp\www\yii\framework\web\CController.php(271): CController->missingAction('gii')
#1 C:\wamp\www\yii\framework\web\CWebApplication.php(283): CController->run('gii')
#2 C:\wamp\www\yii\framework\web\CWebApplication.php(142): CWebApplication->runController('site/gii')
#3 C:\wamp\www\yii\framework\base\CApplication.php(162): CWebApplication->processRequest()
#4 C:\wamp\www\xterna\index.php(13): CApplication->run()
#5 {main}
REQUEST_URI=/xterna/index.php?r=site/gii
---
2012/12/26 16:51:05 [error] [exception.CHttpException.404] exception 'CHttpException' with message 'Unable to resolve the request "sgii".' in C:\wamp\www\yii\framework\web\CWebApplication.php:287
Stack trace:
#0 C:\wamp\www\yii\framework\web\CWebApplication.php(142): CWebApplication->runController('sgii')
#1 C:\wamp\www\yii\framework\base\CApplication.php(162): CWebApplication->processRequest()
#2 C:\wamp\www\xterna\index.php(13): CApplication->run()
#3 {main}
REQUEST_URI=/xterna/index.php?r=sgii
---
2012/12/26 16:51:05 [error] [exception.CHttpException.404] exception 'CHttpException' with message 'The system is unable to find the requested action "gii".' in C:\wamp\www\yii\framework\web\CController.php:484
Stack trace:
#0 C:\wamp\www\yii\framework\web\CController.php(271): CController->missingAction('gii')
#1 C:\wamp\www\yii\framework\web\CWebApplication.php(283): CController->run('gii')
#2 C:\wamp\www\yii\framework\web\CWebApplication.php(142): CWebApplication->runController('site/gii')
#3 C:\wamp\www\yii\framework\base\CApplication.php(162): CWebApplication->processRequest()
#4 C:\wamp\www\xterna\index.php(13): CApplication->run()
#5 {main}
REQUEST_URI=/xterna/index.php?r=site/gii
---
